{
  "RSpec": {
    "coverage": {
      "/home/functional-acrobat-8295/tic-tac-toe-rb-online-web-sp-000/lib/tic_tac_toe.rb": [
        null,
        1,
        null,
        null,
        null,
        null,
        null,
        null,
        null,
        null,
        1,
        null,
        2,
        2,
        2,
        2,
        2,
        null,
        null,
        1,
        8,
        null,
        8,
        null,
        null,
        1,
        7,
        null,
        null,
        1,
        12,
        null,
        null,
        1,
        7,
        5,
        null,
        2,
        null,
        null,
        null,
        1,
        8,
        5,
        null,
        3,
        null,
        null,
        null,
        1,
        5,
        5,
        5,
        5,
        4,
        null,
        1,
        1,
        null,
        null,
        1,
        2,
        2,
        18,
        3,
        15,
        2,
        null,
        null,
        2,
        null,
        null,
        1,
        1,
        1,
        null,
        0,
        null,
        null,
        null,
        null,
        1,
        null,
        null,
        null,
        null,
        null,
        null,
        null,
        null,
        1,
        22,
        null,
        164,
        164,
        164,
        null,
        164,
        164,
        164,
        null,
        164,
        6,
        null,
        158,
        2,
        null,
        null,
        14,
        null,
        null,
        1,
        61,
        null,
        null,
        1,
        9,
        2,
        null,
        7,
        null,
        null,
        null,
        1,
        4,
        2,
        null,
        2,
        null,
        null,
        null,
        1,
        3,
        3,
        null,
        2,
        1,
        null,
        1,
        null,
        null,
        null,
        1,
        2,
        2,
        2,
        0,
        2,
        0,
        null,
        null,
        null
      ]
    },
    "timestamp": 1578885978
  }
}
